Change Component Designator: Old Designator=A? New Designator=A3
Change Component Designator: Old Designator=A? New Designator=A3
Change Component Designator: Old Designator=A? New Designator=A3
Change Component Designator: Old Designator=A? New Designator=A3
Change Component Designator: Old Designator=D? New Designator=D3
Change Component Designator: Old Designator=H? New Designator=H9
Change Component Designator: Old Designator=H? New Designator=H10
Change Component Designator: Old Designator=H? New Designator=H11
Change Component Designator: Old Designator=H? New Designator=H12
Change Component Designator: Old Designator=R? New Designator=R9
Change Component Designator: Old Designator=R? New Designator=R10
Change Component Designator: Old Designator=R? New Designator=R11
Change Component Designator: Old Designator=R? New Designator=R12
Change Component Designator: Old Designator=Rs? New Designator=Rs9
Change Component Designator: Old Designator=Rs? New Designator=Rs10
Change Component Designator: Old Designator=Rs? New Designator=Rs11
Change Component Designator: Old Designator=Rs? New Designator=Rs12
Change Component Designator: Old Designator=V? New Designator=V9
Change Component Designator: Old Designator=V? New Designator=V10
Change Component Designator: Old Designator=V? New Designator=V11
Change Component Designator: Old Designator=V? New Designator=V12
