Change Component Designator: Old Designator=A? New Designator=A1
Change Component Designator: Old Designator=A? New Designator=A2
Change Component Designator: Old Designator=A? New Designator=A1
Change Component Designator: Old Designator=A? New Designator=A2
Change Component Designator: Old Designator=A? New Designator=A1
Change Component Designator: Old Designator=A? New Designator=A2
Change Component Designator: Old Designator=A? New Designator=A1
Change Component Designator: Old Designator=A? New Designator=A2
Change Component Designator: Old Designator=D? New Designator=D1
Change Component Designator: Old Designator=D? New Designator=D2
Change Component Designator: Old Designator=H? New Designator=H1
Change Component Designator: Old Designator=H? New Designator=H2
Change Component Designator: Old Designator=H? New Designator=H3
Change Component Designator: Old Designator=H? New Designator=H4
Change Component Designator: Old Designator=H? New Designator=H5
Change Component Designator: Old Designator=H? New Designator=H6
Change Component Designator: Old Designator=H? New Designator=H7
Change Component Designator: Old Designator=H? New Designator=H8
Change Component Designator: Old Designator=R? New Designator=R1
Change Component Designator: Old Designator=R? New Designator=R2
Change Component Designator: Old Designator=R? New Designator=R3
Change Component Designator: Old Designator=R? New Designator=R4
Change Component Designator: Old Designator=R? New Designator=R5
Change Component Designator: Old Designator=R? New Designator=R6
Change Component Designator: Old Designator=R? New Designator=R7
Change Component Designator: Old Designator=R? New Designator=R8
Change Component Designator: Old Designator=Rs? New Designator=Rs1
Change Component Designator: Old Designator=Rs? New Designator=Rs2
Change Component Designator: Old Designator=Rs? New Designator=Rs3
Change Component Designator: Old Designator=Rs? New Designator=Rs4
Change Component Designator: Old Designator=Rs? New Designator=Rs5
Change Component Designator: Old Designator=Rs? New Designator=Rs6
Change Component Designator: Old Designator=Rs? New Designator=Rs7
Change Component Designator: Old Designator=Rs? New Designator=Rs8
Change Component Designator: Old Designator=V? New Designator=V1
Change Component Designator: Old Designator=V? New Designator=V2
Change Component Designator: Old Designator=V? New Designator=V3
Change Component Designator: Old Designator=V? New Designator=V4
Change Component Designator: Old Designator=V? New Designator=V5
Change Component Designator: Old Designator=V? New Designator=V6
Change Component Designator: Old Designator=V? New Designator=V7
Change Component Designator: Old Designator=V? New Designator=V8
