Change Component Designator: Old Designator=A1_ New Designator=A?
Change Component Designator: Old Designator=A1_ New Designator=A?
Change Component Designator: Old Designator=A1_ New Designator=A?
Change Component Designator: Old Designator=A1_ New Designator=A?
Change Component Designator: Old Designator=A2_ New Designator=A?
Change Component Designator: Old Designator=A2_ New Designator=A?
Change Component Designator: Old Designator=A2_ New Designator=A?
Change Component Designator: Old Designator=A2_ New Designator=A?
Change Component Designator: Old Designator=D1 New Designator=D?
Change Component Designator: Old Designator=D2 New Designator=D?
Change Component Designator: Old Designator=H1 New Designator=H?
Change Component Designator: Old Designator=H2 New Designator=H?
Change Component Designator: Old Designator=H3 New Designator=H?
Change Component Designator: Old Designator=H4 New Designator=H?
Change Component Designator: Old Designator=H5 New Designator=H?
Change Component Designator: Old Designator=H6 New Designator=H?
Change Component Designator: Old Designator=H7 New Designator=H?
Change Component Designator: Old Designator=H8 New Designator=H?
Change Component Designator: Old Designator=R1 New Designator=R?
Change Component Designator: Old Designator=R2 New Designator=R?
Change Component Designator: Old Designator=R3 New Designator=R?
Change Component Designator: Old Designator=R4 New Designator=R?
Change Component Designator: Old Designator=R5 New Designator=R?
Change Component Designator: Old Designator=R6 New Designator=R?
Change Component Designator: Old Designator=R7 New Designator=R?
Change Component Designator: Old Designator=R8 New Designator=R?
Change Component Designator: Old Designator=Rs1 New Designator=Rs?
Change Component Designator: Old Designator=Rs2 New Designator=Rs?
Change Component Designator: Old Designator=Rs3 New Designator=Rs?
Change Component Designator: Old Designator=Rs4 New Designator=Rs?
Change Component Designator: Old Designator=Rs5 New Designator=Rs?
Change Component Designator: Old Designator=Rs6 New Designator=Rs?
Change Component Designator: Old Designator=Rs7 New Designator=Rs?
Change Component Designator: Old Designator=Rs8 New Designator=Rs?
Change Component Designator: Old Designator=V1 New Designator=V?
Change Component Designator: Old Designator=V2 New Designator=V?
Change Component Designator: Old Designator=V3 New Designator=V?
Change Component Designator: Old Designator=V4 New Designator=V?
Change Component Designator: Old Designator=V5 New Designator=V?
Change Component Designator: Old Designator=V6 New Designator=V?
Change Component Designator: Old Designator=V7 New Designator=V?
Change Component Designator: Old Designator=V8 New Designator=V?
