Change Component Designator: Old Designator=A? New Designator=A5
Change Component Designator: Old Designator=A? New Designator=A5
Change Component Designator: Old Designator=A? New Designator=A5
Change Component Designator: Old Designator=A? New Designator=A5
Change Component Designator: Old Designator=D? New Designator=D5
Change Component Designator: Old Designator=H? New Designator=H14
Change Component Designator: Old Designator=H? New Designator=H16
Change Component Designator: Old Designator=H? New Designator=H18
Change Component Designator: Old Designator=H? New Designator=H20
Change Component Designator: Old Designator=R? New Designator=R18
Change Component Designator: Old Designator=R? New Designator=R20
Change Component Designator: Old Designator=R? New Designator=R22
Change Component Designator: Old Designator=R? New Designator=R24
Change Component Designator: Old Designator=Rs? New Designator=Rs14
Change Component Designator: Old Designator=Rs? New Designator=Rs16
Change Component Designator: Old Designator=Rs? New Designator=Rs18
Change Component Designator: Old Designator=Rs? New Designator=Rs20
Change Component Designator: Old Designator=V? New Designator=V14
Change Component Designator: Old Designator=V? New Designator=V16
Change Component Designator: Old Designator=V? New Designator=V18
Change Component Designator: Old Designator=V? New Designator=V20
