Change Component Designator: Old Designator=A2 New Designator=A?
Change Component Designator: Old Designator=A2 New Designator=A?
Change Component Designator: Old Designator=A2 New Designator=A?
Change Component Designator: Old Designator=A2 New Designator=A?
Change Component Designator: Old Designator=A3 New Designator=A?
Change Component Designator: Old Designator=A3 New Designator=A?
Change Component Designator: Old Designator=A3 New Designator=A?
Change Component Designator: Old Designator=A3 New Designator=A?
Change Component Designator: Old Designator=D4 New Designator=D?
Change Component Designator: Old Designator=D5 New Designator=D?
Change Component Designator: Old Designator=H13 New Designator=H?
Change Component Designator: Old Designator=H14 New Designator=H?
Change Component Designator: Old Designator=H15 New Designator=H?
Change Component Designator: Old Designator=H16 New Designator=H?
Change Component Designator: Old Designator=H17 New Designator=H?
Change Component Designator: Old Designator=H18 New Designator=H?
Change Component Designator: Old Designator=H19 New Designator=H?
Change Component Designator: Old Designator=H20 New Designator=H?
Change Component Designator: Old Designator=R13 New Designator=R?
Change Component Designator: Old Designator=R14 New Designator=R?
Change Component Designator: Old Designator=R15 New Designator=R?
Change Component Designator: Old Designator=R16 New Designator=R?
Change Component Designator: Old Designator=R17 New Designator=R?
Change Component Designator: Old Designator=R18 New Designator=R?
Change Component Designator: Old Designator=R19 New Designator=R?
Change Component Designator: Old Designator=R20 New Designator=R?
Change Component Designator: Old Designator=R21 New Designator=R?
Change Component Designator: Old Designator=R22 New Designator=R?
Change Component Designator: Old Designator=R23 New Designator=R?
Change Component Designator: Old Designator=R24 New Designator=R?
Change Component Designator: Old Designator=Rs13 New Designator=Rs?
Change Component Designator: Old Designator=Rs14 New Designator=Rs?
Change Component Designator: Old Designator=Rs15 New Designator=Rs?
Change Component Designator: Old Designator=Rs16 New Designator=Rs?
Change Component Designator: Old Designator=Rs17 New Designator=Rs?
Change Component Designator: Old Designator=Rs18 New Designator=Rs?
Change Component Designator: Old Designator=Rs19 New Designator=Rs?
Change Component Designator: Old Designator=Rs20 New Designator=Rs?
Change Component Designator: Old Designator=V13 New Designator=V?
Change Component Designator: Old Designator=V14 New Designator=V?
Change Component Designator: Old Designator=V15 New Designator=V?
Change Component Designator: Old Designator=V16 New Designator=V?
Change Component Designator: Old Designator=V17 New Designator=V?
Change Component Designator: Old Designator=V18 New Designator=V?
Change Component Designator: Old Designator=V19 New Designator=V?
Change Component Designator: Old Designator=V20 New Designator=V?
