Change Component Designator: Old Designator=A1 New Designator=A?
Change Component Designator: Old Designator=A1 New Designator=A?
Change Component Designator: Old Designator=A1 New Designator=A?
Change Component Designator: Old Designator=A1 New Designator=A?
Change Component Designator: Old Designator=D3 New Designator=D?
Change Component Designator: Old Designator=H9 New Designator=H?
Change Component Designator: Old Designator=H10 New Designator=H?
Change Component Designator: Old Designator=H11 New Designator=H?
Change Component Designator: Old Designator=H12 New Designator=H?
Change Component Designator: Old Designator=R9 New Designator=R?
Change Component Designator: Old Designator=R10 New Designator=R?
Change Component Designator: Old Designator=R11 New Designator=R?
Change Component Designator: Old Designator=R12 New Designator=R?
Change Component Designator: Old Designator=Rs9 New Designator=Rs?
Change Component Designator: Old Designator=Rs10 New Designator=Rs?
Change Component Designator: Old Designator=Rs11 New Designator=Rs?
Change Component Designator: Old Designator=Rs12 New Designator=Rs?
Change Component Designator: Old Designator=V9 New Designator=V?
Change Component Designator: Old Designator=V10 New Designator=V?
Change Component Designator: Old Designator=V11 New Designator=V?
Change Component Designator: Old Designator=V12 New Designator=V?
