Change Component Designator: Old Designator=A? New Designator=A2
Change Component Designator: Old Designator=A? New Designator=A3
Change Component Designator: Old Designator=A? New Designator=A2
Change Component Designator: Old Designator=A? New Designator=A3
Change Component Designator: Old Designator=A? New Designator=A2
Change Component Designator: Old Designator=A? New Designator=A3
Change Component Designator: Old Designator=A? New Designator=A2
Change Component Designator: Old Designator=A? New Designator=A3
Change Component Designator: Old Designator=D? New Designator=D4
Change Component Designator: Old Designator=D? New Designator=D5
Change Component Designator: Old Designator=H? New Designator=H13
Change Component Designator: Old Designator=H? New Designator=H14
Change Component Designator: Old Designator=H? New Designator=H15
Change Component Designator: Old Designator=H? New Designator=H16
Change Component Designator: Old Designator=H? New Designator=H17
Change Component Designator: Old Designator=H? New Designator=H18
Change Component Designator: Old Designator=H? New Designator=H19
Change Component Designator: Old Designator=H? New Designator=H20
Change Component Designator: Old Designator=R? New Designator=R13
Change Component Designator: Old Designator=R? New Designator=R14
Change Component Designator: Old Designator=R? New Designator=R15
Change Component Designator: Old Designator=R? New Designator=R16
Change Component Designator: Old Designator=R? New Designator=R17
Change Component Designator: Old Designator=R? New Designator=R18
Change Component Designator: Old Designator=R? New Designator=R19
Change Component Designator: Old Designator=R? New Designator=R20
Change Component Designator: Old Designator=R? New Designator=R21
Change Component Designator: Old Designator=R? New Designator=R22
Change Component Designator: Old Designator=R? New Designator=R23
Change Component Designator: Old Designator=R? New Designator=R24
Change Component Designator: Old Designator=Rs? New Designator=Rs13
Change Component Designator: Old Designator=Rs? New Designator=Rs14
Change Component Designator: Old Designator=Rs? New Designator=Rs15
Change Component Designator: Old Designator=Rs? New Designator=Rs16
Change Component Designator: Old Designator=Rs? New Designator=Rs17
Change Component Designator: Old Designator=Rs? New Designator=Rs18
Change Component Designator: Old Designator=Rs? New Designator=Rs19
Change Component Designator: Old Designator=Rs? New Designator=Rs20
Change Component Designator: Old Designator=V? New Designator=V13
Change Component Designator: Old Designator=V? New Designator=V14
Change Component Designator: Old Designator=V? New Designator=V15
Change Component Designator: Old Designator=V? New Designator=V16
Change Component Designator: Old Designator=V? New Designator=V17
Change Component Designator: Old Designator=V? New Designator=V18
Change Component Designator: Old Designator=V? New Designator=V19
Change Component Designator: Old Designator=V? New Designator=V20
