Change Component Designator: Old Designator=A2 New Designator=A?
Change Component Designator: Old Designator=A2 New Designator=A?
Change Component Designator: Old Designator=A2 New Designator=A?
Change Component Designator: Old Designator=A2 New Designator=A?
Change Component Designator: Old Designator=D2 New Designator=D?
Change Component Designator: Old Designator=H2 New Designator=H?
Change Component Designator: Old Designator=H4 New Designator=H?
Change Component Designator: Old Designator=H6 New Designator=H?
Change Component Designator: Old Designator=H8 New Designator=H?
Change Component Designator: Old Designator=R2 New Designator=R?
Change Component Designator: Old Designator=R4 New Designator=R?
Change Component Designator: Old Designator=R6 New Designator=R?
Change Component Designator: Old Designator=R8 New Designator=R?
Change Component Designator: Old Designator=Rs2 New Designator=Rs?
Change Component Designator: Old Designator=Rs4 New Designator=Rs?
Change Component Designator: Old Designator=Rs6 New Designator=Rs?
Change Component Designator: Old Designator=Rs8 New Designator=Rs?
Change Component Designator: Old Designator=V2 New Designator=V?
Change Component Designator: Old Designator=V4 New Designator=V?
Change Component Designator: Old Designator=V6 New Designator=V?
Change Component Designator: Old Designator=V8 New Designator=V?
