Replace Part A7 OPA4990 in C:\Users\Ivan\Documents\GitHub\Kalibrator\Kalibracija\led1.SchDoc with OPA4990 from Kalibracija.SchLib
Replace Part A7 OPA4990 in C:\Users\Ivan\Documents\GitHub\Kalibrator\Kalibracija\led1.SchDoc with OPA4990 from Kalibracija.SchLib
Replace Part A7 OPA4990 in C:\Users\Ivan\Documents\GitHub\Kalibrator\Kalibracija\led1.SchDoc with OPA4990 from Kalibracija.SchLib
Replace Part A7 OPA4990 in C:\Users\Ivan\Documents\GitHub\Kalibrator\Kalibracija\led1.SchDoc with OPA4990 from Kalibracija.SchLib
Replace Part J13 D01-9970242 in C:\Users\Ivan\Documents\GitHub\Kalibrator\Kalibracija\led1.SchDoc with D01-9970242 from SamacSys2.SchLib
Replace Part J14 D01-9970242 in C:\Users\Ivan\Documents\GitHub\Kalibrator\Kalibracija\led1.SchDoc with D01-9970242 from SamacSys2.SchLib
Replace Part J15 D01-9970242 in C:\Users\Ivan\Documents\GitHub\Kalibrator\Kalibracija\led1.SchDoc with D01-9970242 from SamacSys2.SchLib
Replace Part J16 D01-9970242 in C:\Users\Ivan\Documents\GitHub\Kalibrator\Kalibracija\led1.SchDoc with D01-9970242 from SamacSys2.SchLib
Update Managed Component Q13 From CMP-1058-00936-1[2N7000] To CMP-1058-00936-1[2N7000] in led1.SchDoc
Update Managed Component Q14 From CMP-1058-00936-1[2N7000] To CMP-1058-00936-1[2N7000] in led1.SchDoc
Update Managed Component Q15 From CMP-1058-00936-1[2N7000] To CMP-1058-00936-1[2N7000] in led1.SchDoc
Update Managed Component Q16 From CMP-1058-00936-1[2N7000] To CMP-1058-00936-1[2N7000] in led1.SchDoc
Replace Part R30 Res2 in C:\Users\Ivan\Documents\GitHub\Kalibrator\Kalibracija\led1.SchDoc with Res2 from Miscellaneous Devices.IntLib
Replace Part R31 Res2 in C:\Users\Ivan\Documents\GitHub\Kalibrator\Kalibracija\led1.SchDoc with Res2 from Miscellaneous Devices.IntLib
Replace Part R32 Res2 in C:\Users\Ivan\Documents\GitHub\Kalibrator\Kalibracija\led1.SchDoc with Res2 from Miscellaneous Devices.IntLib
Replace Part R33 Res2 in C:\Users\Ivan\Documents\GitHub\Kalibrator\Kalibracija\led1.SchDoc with Res2 from Miscellaneous Devices.IntLib
Replace Part Rs13 Res2 in C:\Users\Ivan\Documents\GitHub\Kalibrator\Kalibracija\led1.SchDoc with Res2 from Miscellaneous Devices.IntLib
Replace Part Rs14 Res2 in C:\Users\Ivan\Documents\GitHub\Kalibrator\Kalibracija\led1.SchDoc with Res2 from Miscellaneous Devices.IntLib
Replace Part Rs15 Res2 in C:\Users\Ivan\Documents\GitHub\Kalibrator\Kalibracija\led1.SchDoc with Res2 from Miscellaneous Devices.IntLib
Replace Part Rs16 Res2 in C:\Users\Ivan\Documents\GitHub\Kalibrator\Kalibracija\led1.SchDoc with Res2 from Miscellaneous Devices.IntLib
