Change Component Designator: Old Designator=A? New Designator=A7
Change Component Designator: Old Designator=A? New Designator=A7
Change Component Designator: Old Designator=A? New Designator=A7
Change Component Designator: Old Designator=A? New Designator=A7
Change Component Designator: Old Designator=D? New Designator=D5
Change Component Designator: Old Designator=H? New Designator=H13
Change Component Designator: Old Designator=H? New Designator=H14
Change Component Designator: Old Designator=H? New Designator=H15
Change Component Designator: Old Designator=H? New Designator=H16
Change Component Designator: Old Designator=R? New Designator=R30
Change Component Designator: Old Designator=R? New Designator=R31
Change Component Designator: Old Designator=R? New Designator=R32
Change Component Designator: Old Designator=R? New Designator=R33
Change Component Designator: Old Designator=Rs? New Designator=Rs13
Change Component Designator: Old Designator=Rs? New Designator=Rs14
Change Component Designator: Old Designator=Rs? New Designator=Rs15
Change Component Designator: Old Designator=Rs? New Designator=Rs16
Change Component Designator: Old Designator=V? New Designator=V13
Change Component Designator: Old Designator=V? New Designator=V14
Change Component Designator: Old Designator=V? New Designator=V15
Change Component Designator: Old Designator=V? New Designator=V16
