Change Component Designator: Old Designator=A? New Designator=A1
Change Component Designator: Old Designator=A? New Designator=A1
Change Component Designator: Old Designator=A? New Designator=A1
Change Component Designator: Old Designator=A? New Designator=A1
Change Component Designator: Old Designator=D? New Designator=D1
Change Component Designator: Old Designator=H? New Designator=H1
Change Component Designator: Old Designator=H? New Designator=H2
Change Component Designator: Old Designator=H? New Designator=H3
Change Component Designator: Old Designator=H? New Designator=H4
Change Component Designator: Old Designator=R? New Designator=R1
Change Component Designator: Old Designator=R? New Designator=R2
Change Component Designator: Old Designator=R? New Designator=R3
Change Component Designator: Old Designator=R? New Designator=R4
Change Component Designator: Old Designator=Rs? New Designator=Rs1
Change Component Designator: Old Designator=Rs? New Designator=Rs2
Change Component Designator: Old Designator=Rs? New Designator=Rs3
Change Component Designator: Old Designator=Rs? New Designator=Rs4
Change Component Designator: Old Designator=V? New Designator=V1
Change Component Designator: Old Designator=V? New Designator=V2
Change Component Designator: Old Designator=V? New Designator=V3
Change Component Designator: Old Designator=V? New Designator=V4
