Change Component Designator: Old Designator=A1 New Designator=A?
Change Component Designator: Old Designator=A1 New Designator=A?
Change Component Designator: Old Designator=A1 New Designator=A?
Change Component Designator: Old Designator=A1 New Designator=A?
Change Component Designator: Old Designator=D1 New Designator=D?
Change Component Designator: Old Designator=H1 New Designator=H?
Change Component Designator: Old Designator=H3 New Designator=H?
Change Component Designator: Old Designator=H5 New Designator=H?
Change Component Designator: Old Designator=H7 New Designator=H?
Change Component Designator: Old Designator=R1 New Designator=R?
Change Component Designator: Old Designator=R3 New Designator=R?
Change Component Designator: Old Designator=R5 New Designator=R?
Change Component Designator: Old Designator=R7 New Designator=R?
Change Component Designator: Old Designator=Rs1 New Designator=Rs?
Change Component Designator: Old Designator=Rs3 New Designator=Rs?
Change Component Designator: Old Designator=Rs5 New Designator=Rs?
Change Component Designator: Old Designator=Rs7 New Designator=Rs?
Change Component Designator: Old Designator=V1 New Designator=V?
Change Component Designator: Old Designator=V3 New Designator=V?
Change Component Designator: Old Designator=V5 New Designator=V?
Change Component Designator: Old Designator=V7 New Designator=V?
