Replace Part A1 OPA4990 in C:\Users\Ivan\Documents\GitHub\Kalibrator\Kalibracija\led2.SchDoc with OPA4990 from Kalibracija.SchLib
Replace Part A1 OPA4990 in C:\Users\Ivan\Documents\GitHub\Kalibrator\Kalibracija\led2.SchDoc with OPA4990 from Kalibracija.SchLib
Replace Part A1 OPA4990 in C:\Users\Ivan\Documents\GitHub\Kalibrator\Kalibracija\led2.SchDoc with OPA4990 from Kalibracija.SchLib
Replace Part A1 OPA4990 in C:\Users\Ivan\Documents\GitHub\Kalibrator\Kalibracija\led2.SchDoc with OPA4990 from Kalibracija.SchLib
Replace Part J1 D01-9970242 in C:\Users\Ivan\Documents\GitHub\Kalibrator\Kalibracija\led2.SchDoc with D01-9970242 from SamacSys2.SchLib
Replace Part J2 D01-9970242 in C:\Users\Ivan\Documents\GitHub\Kalibrator\Kalibracija\led2.SchDoc with D01-9970242 from SamacSys2.SchLib
Replace Part J3 D01-9970242 in C:\Users\Ivan\Documents\GitHub\Kalibrator\Kalibracija\led2.SchDoc with D01-9970242 from SamacSys2.SchLib
Replace Part J4 D01-9970242 in C:\Users\Ivan\Documents\GitHub\Kalibrator\Kalibracija\led2.SchDoc with D01-9970242 from SamacSys2.SchLib
Update Managed Component Q1 From CMP-1058-00936-1[2N7000] To CMP-1058-00936-1[2N7000] in led2.SchDoc
Update Managed Component Q2 From CMP-1058-00936-1[2N7000] To CMP-1058-00936-1[2N7000] in led2.SchDoc
Update Managed Component Q3 From CMP-1058-00936-1[2N7000] To CMP-1058-00936-1[2N7000] in led2.SchDoc
Update Managed Component Q4 From CMP-1058-00936-1[2N7000] To CMP-1058-00936-1[2N7000] in led2.SchDoc
Replace Part R1 Res2 in C:\Users\Ivan\Documents\GitHub\Kalibrator\Kalibracija\led2.SchDoc with Res2 from Miscellaneous Devices.IntLib
Replace Part R2 Res2 in C:\Users\Ivan\Documents\GitHub\Kalibrator\Kalibracija\led2.SchDoc with Res2 from Miscellaneous Devices.IntLib
Replace Part R3 Res2 in C:\Users\Ivan\Documents\GitHub\Kalibrator\Kalibracija\led2.SchDoc with Res2 from Miscellaneous Devices.IntLib
Replace Part R4 Res2 in C:\Users\Ivan\Documents\GitHub\Kalibrator\Kalibracija\led2.SchDoc with Res2 from Miscellaneous Devices.IntLib
Replace Part Rs1 Res2 in C:\Users\Ivan\Documents\GitHub\Kalibrator\Kalibracija\led2.SchDoc with Res2 from Miscellaneous Devices.IntLib
Replace Part Rs2 Res2 in C:\Users\Ivan\Documents\GitHub\Kalibrator\Kalibracija\led2.SchDoc with Res2 from Miscellaneous Devices.IntLib
Replace Part Rs3 Res2 in C:\Users\Ivan\Documents\GitHub\Kalibrator\Kalibracija\led2.SchDoc with Res2 from Miscellaneous Devices.IntLib
Replace Part Rs4 Res2 in C:\Users\Ivan\Documents\GitHub\Kalibrator\Kalibracija\led2.SchDoc with Res2 from Miscellaneous Devices.IntLib
