Replace Part A2 OPA4990 in C:\Users\Ivan\Documents\GitHub\Kalibrator\Kalibracija\led3.SchDoc with OPA4990 from Kalibracija.SchLib
Replace Part A2 OPA4990 in C:\Users\Ivan\Documents\GitHub\Kalibrator\Kalibracija\led3.SchDoc with OPA4990 from Kalibracija.SchLib
Replace Part A2 OPA4990 in C:\Users\Ivan\Documents\GitHub\Kalibrator\Kalibracija\led3.SchDoc with OPA4990 from Kalibracija.SchLib
Replace Part A2 OPA4990 in C:\Users\Ivan\Documents\GitHub\Kalibrator\Kalibracija\led3.SchDoc with OPA4990 from Kalibracija.SchLib
Replace Part J5 D01-9970242 in C:\Users\Ivan\Documents\GitHub\Kalibrator\Kalibracija\led3.SchDoc with D01-9970242 from SamacSys2.SchLib
Replace Part J6 D01-9970242 in C:\Users\Ivan\Documents\GitHub\Kalibrator\Kalibracija\led3.SchDoc with D01-9970242 from SamacSys2.SchLib
Replace Part J7 D01-9970242 in C:\Users\Ivan\Documents\GitHub\Kalibrator\Kalibracija\led3.SchDoc with D01-9970242 from SamacSys2.SchLib
Replace Part J8 D01-9970242 in C:\Users\Ivan\Documents\GitHub\Kalibrator\Kalibracija\led3.SchDoc with D01-9970242 from SamacSys2.SchLib
Update Managed Component Q5 From CMP-1058-00936-1[2N7000] To CMP-1058-00936-1[2N7000] in led3.SchDoc
Update Managed Component Q6 From CMP-1058-00936-1[2N7000] To CMP-1058-00936-1[2N7000] in led3.SchDoc
Update Managed Component Q7 From CMP-1058-00936-1[2N7000] To CMP-1058-00936-1[2N7000] in led3.SchDoc
Update Managed Component Q8 From CMP-1058-00936-1[2N7000] To CMP-1058-00936-1[2N7000] in led3.SchDoc
Replace Part R5 Res2 in C:\Users\Ivan\Documents\GitHub\Kalibrator\Kalibracija\led3.SchDoc with Res2 from Miscellaneous Devices.IntLib
Replace Part R6 Res2 in C:\Users\Ivan\Documents\GitHub\Kalibrator\Kalibracija\led3.SchDoc with Res2 from Miscellaneous Devices.IntLib
Replace Part R7 Res2 in C:\Users\Ivan\Documents\GitHub\Kalibrator\Kalibracija\led3.SchDoc with Res2 from Miscellaneous Devices.IntLib
Replace Part R8 Res2 in C:\Users\Ivan\Documents\GitHub\Kalibrator\Kalibracija\led3.SchDoc with Res2 from Miscellaneous Devices.IntLib
Replace Part Rs5 Res2 in C:\Users\Ivan\Documents\GitHub\Kalibrator\Kalibracija\led3.SchDoc with Res2 from Miscellaneous Devices.IntLib
Replace Part Rs6 Res2 in C:\Users\Ivan\Documents\GitHub\Kalibrator\Kalibracija\led3.SchDoc with Res2 from Miscellaneous Devices.IntLib
Replace Part Rs7 Res2 in C:\Users\Ivan\Documents\GitHub\Kalibrator\Kalibracija\led3.SchDoc with Res2 from Miscellaneous Devices.IntLib
Replace Part Rs8 Res2 in C:\Users\Ivan\Documents\GitHub\Kalibrator\Kalibracija\led3.SchDoc with Res2 from Miscellaneous Devices.IntLib
