Replace Part A3 OPA4990 in C:\Users\Ivan\Documents\GitHub\Kalibrator\Kalibracija\led4.SchDoc with OPA4990 from Kalibracija.SchLib
Replace Part A3 OPA4990 in C:\Users\Ivan\Documents\GitHub\Kalibrator\Kalibracija\led4.SchDoc with OPA4990 from Kalibracija.SchLib
Replace Part A3 OPA4990 in C:\Users\Ivan\Documents\GitHub\Kalibrator\Kalibracija\led4.SchDoc with OPA4990 from Kalibracija.SchLib
Replace Part A3 OPA4990 in C:\Users\Ivan\Documents\GitHub\Kalibrator\Kalibracija\led4.SchDoc with OPA4990 from Kalibracija.SchLib
Replace Part J9 D01-9970242 in C:\Users\Ivan\Documents\GitHub\Kalibrator\Kalibracija\led4.SchDoc with D01-9970242 from SamacSys2.SchLib
Replace Part J10 D01-9970242 in C:\Users\Ivan\Documents\GitHub\Kalibrator\Kalibracija\led4.SchDoc with D01-9970242 from SamacSys2.SchLib
Replace Part J11 D01-9970242 in C:\Users\Ivan\Documents\GitHub\Kalibrator\Kalibracija\led4.SchDoc with D01-9970242 from SamacSys2.SchLib
Replace Part J12 D01-9970242 in C:\Users\Ivan\Documents\GitHub\Kalibrator\Kalibracija\led4.SchDoc with D01-9970242 from SamacSys2.SchLib
Update Managed Component Q9 From CMP-1058-00936-1[2N7000] To CMP-1058-00936-1[2N7000] in led4.SchDoc
Update Managed Component Q10 From CMP-1058-00936-1[2N7000] To CMP-1058-00936-1[2N7000] in led4.SchDoc
Update Managed Component Q11 From CMP-1058-00936-1[2N7000] To CMP-1058-00936-1[2N7000] in led4.SchDoc
Update Managed Component Q12 From CMP-1058-00936-1[2N7000] To CMP-1058-00936-1[2N7000] in led4.SchDoc
Replace Part R9 Res2 in C:\Users\Ivan\Documents\GitHub\Kalibrator\Kalibracija\led4.SchDoc with Res2 from Miscellaneous Devices.IntLib
Replace Part R10 Res2 in C:\Users\Ivan\Documents\GitHub\Kalibrator\Kalibracija\led4.SchDoc with Res2 from Miscellaneous Devices.IntLib
Replace Part R11 Res2 in C:\Users\Ivan\Documents\GitHub\Kalibrator\Kalibracija\led4.SchDoc with Res2 from Miscellaneous Devices.IntLib
Replace Part R12 Res2 in C:\Users\Ivan\Documents\GitHub\Kalibrator\Kalibracija\led4.SchDoc with Res2 from Miscellaneous Devices.IntLib
Replace Part Rs9 Res2 in C:\Users\Ivan\Documents\GitHub\Kalibrator\Kalibracija\led4.SchDoc with Res2 from Miscellaneous Devices.IntLib
Replace Part Rs10 Res2 in C:\Users\Ivan\Documents\GitHub\Kalibrator\Kalibracija\led4.SchDoc with Res2 from Miscellaneous Devices.IntLib
Replace Part Rs11 Res2 in C:\Users\Ivan\Documents\GitHub\Kalibrator\Kalibracija\led4.SchDoc with Res2 from Miscellaneous Devices.IntLib
Replace Part Rs12 Res2 in C:\Users\Ivan\Documents\GitHub\Kalibrator\Kalibracija\led4.SchDoc with Res2 from Miscellaneous Devices.IntLib
