Change Component Designator: Old Designator=A4 New Designator=A?
Change Component Designator: Old Designator=A4 New Designator=A?
Change Component Designator: Old Designator=A4 New Designator=A?
Change Component Designator: Old Designator=A4 New Designator=A?
Change Component Designator: Old Designator=D4 New Designator=D?
Change Component Designator: Old Designator=H13 New Designator=H?
Change Component Designator: Old Designator=H15 New Designator=H?
Change Component Designator: Old Designator=H17 New Designator=H?
Change Component Designator: Old Designator=H19 New Designator=H?
Change Component Designator: Old Designator=R17 New Designator=R?
Change Component Designator: Old Designator=R19 New Designator=R?
Change Component Designator: Old Designator=R21 New Designator=R?
Change Component Designator: Old Designator=R23 New Designator=R?
Change Component Designator: Old Designator=Rs13 New Designator=Rs?
Change Component Designator: Old Designator=Rs15 New Designator=Rs?
Change Component Designator: Old Designator=Rs17 New Designator=Rs?
Change Component Designator: Old Designator=Rs19 New Designator=Rs?
Change Component Designator: Old Designator=V13 New Designator=V?
Change Component Designator: Old Designator=V15 New Designator=V?
Change Component Designator: Old Designator=V17 New Designator=V?
Change Component Designator: Old Designator=V19 New Designator=V?
