Change Component Designator: Old Designator=A5 New Designator=A?
Change Component Designator: Old Designator=A5 New Designator=A?
Change Component Designator: Old Designator=A5 New Designator=A?
Change Component Designator: Old Designator=A5 New Designator=A?
Change Component Designator: Old Designator=D5 New Designator=D?
Change Component Designator: Old Designator=H14 New Designator=H?
Change Component Designator: Old Designator=H16 New Designator=H?
Change Component Designator: Old Designator=H18 New Designator=H?
Change Component Designator: Old Designator=H20 New Designator=H?
Change Component Designator: Old Designator=R18 New Designator=R?
Change Component Designator: Old Designator=R20 New Designator=R?
Change Component Designator: Old Designator=R22 New Designator=R?
Change Component Designator: Old Designator=R24 New Designator=R?
Change Component Designator: Old Designator=Rs14 New Designator=Rs?
Change Component Designator: Old Designator=Rs16 New Designator=Rs?
Change Component Designator: Old Designator=Rs18 New Designator=Rs?
Change Component Designator: Old Designator=Rs20 New Designator=Rs?
Change Component Designator: Old Designator=V14 New Designator=V?
Change Component Designator: Old Designator=V16 New Designator=V?
Change Component Designator: Old Designator=V18 New Designator=V?
Change Component Designator: Old Designator=V20 New Designator=V?
