Change Component Designator: Old Designator=A? New Designator=A8
Change Component Designator: Old Designator=A? New Designator=A8
Change Component Designator: Old Designator=A? New Designator=A8
Change Component Designator: Old Designator=A? New Designator=A8
Change Component Designator: Old Designator=D? New Designator=D6
Change Component Designator: Old Designator=H? New Designator=H17
Change Component Designator: Old Designator=H? New Designator=H18
Change Component Designator: Old Designator=H? New Designator=H19
Change Component Designator: Old Designator=H? New Designator=H20
Change Component Designator: Old Designator=R? New Designator=R34
Change Component Designator: Old Designator=R? New Designator=R35
Change Component Designator: Old Designator=R? New Designator=R36
Change Component Designator: Old Designator=R? New Designator=R37
Change Component Designator: Old Designator=Rs? New Designator=Rs17
Change Component Designator: Old Designator=Rs? New Designator=Rs18
Change Component Designator: Old Designator=Rs? New Designator=Rs19
Change Component Designator: Old Designator=Rs? New Designator=Rs20
Change Component Designator: Old Designator=V? New Designator=V17
Change Component Designator: Old Designator=V? New Designator=V18
Change Component Designator: Old Designator=V? New Designator=V19
Change Component Designator: Old Designator=V? New Designator=V20
