Replace Part A8 OPA4990 in C:\Users\Ivan\Documents\GitHub\Kalibrator\Kalibracija\led5.SchDoc with OPA4990 from Kalibracija.SchLib
Replace Part A8 OPA4990 in C:\Users\Ivan\Documents\GitHub\Kalibrator\Kalibracija\led5.SchDoc with OPA4990 from Kalibracija.SchLib
Replace Part A8 OPA4990 in C:\Users\Ivan\Documents\GitHub\Kalibrator\Kalibracija\led5.SchDoc with OPA4990 from Kalibracija.SchLib
Replace Part A8 OPA4990 in C:\Users\Ivan\Documents\GitHub\Kalibrator\Kalibracija\led5.SchDoc with OPA4990 from Kalibracija.SchLib
Replace Part J17 D01-9970242 in C:\Users\Ivan\Documents\GitHub\Kalibrator\Kalibracija\led5.SchDoc with D01-9970242 from SamacSys2.SchLib
Replace Part J18 D01-9970242 in C:\Users\Ivan\Documents\GitHub\Kalibrator\Kalibracija\led5.SchDoc with D01-9970242 from SamacSys2.SchLib
Replace Part J19 D01-9970242 in C:\Users\Ivan\Documents\GitHub\Kalibrator\Kalibracija\led5.SchDoc with D01-9970242 from SamacSys2.SchLib
Replace Part J20 D01-9970242 in C:\Users\Ivan\Documents\GitHub\Kalibrator\Kalibracija\led5.SchDoc with D01-9970242 from SamacSys2.SchLib
Update Managed Component Q17 From CMP-1058-00936-1[2N7000] To CMP-1058-00936-1[2N7000] in led5.SchDoc
Update Managed Component Q18 From CMP-1058-00936-1[2N7000] To CMP-1058-00936-1[2N7000] in led5.SchDoc
Update Managed Component Q19 From CMP-1058-00936-1[2N7000] To CMP-1058-00936-1[2N7000] in led5.SchDoc
Update Managed Component Q20 From CMP-1058-00936-1[2N7000] To CMP-1058-00936-1[2N7000] in led5.SchDoc
Replace Part R34 Res2 in C:\Users\Ivan\Documents\GitHub\Kalibrator\Kalibracija\led5.SchDoc with Res2 from Miscellaneous Devices.IntLib
Replace Part R35 Res2 in C:\Users\Ivan\Documents\GitHub\Kalibrator\Kalibracija\led5.SchDoc with Res2 from Miscellaneous Devices.IntLib
Replace Part R36 Res2 in C:\Users\Ivan\Documents\GitHub\Kalibrator\Kalibracija\led5.SchDoc with Res2 from Miscellaneous Devices.IntLib
Replace Part R37 Res2 in C:\Users\Ivan\Documents\GitHub\Kalibrator\Kalibracija\led5.SchDoc with Res2 from Miscellaneous Devices.IntLib
Replace Part Rs17 Res2 in C:\Users\Ivan\Documents\GitHub\Kalibrator\Kalibracija\led5.SchDoc with Res2 from Miscellaneous Devices.IntLib
Replace Part Rs18 Res2 in C:\Users\Ivan\Documents\GitHub\Kalibrator\Kalibracija\led5.SchDoc with Res2 from Miscellaneous Devices.IntLib
Replace Part Rs19 Res2 in C:\Users\Ivan\Documents\GitHub\Kalibrator\Kalibracija\led5.SchDoc with Res2 from Miscellaneous Devices.IntLib
Replace Part Rs20 Res2 in C:\Users\Ivan\Documents\GitHub\Kalibrator\Kalibracija\led5.SchDoc with Res2 from Miscellaneous Devices.IntLib
