Replace Part C1 Cap in C:\Users\Ivan\Documents\GitHub\Kalibrator\Kalibracija\mikrokontroler.SchDoc with Cap from Miscellaneous Devices.IntLib
Replace Part C2 Cap in C:\Users\Ivan\Documents\GitHub\Kalibrator\Kalibracija\mikrokontroler.SchDoc with Cap from Miscellaneous Devices.IntLib
Replace Part C3 Cap in C:\Users\Ivan\Documents\GitHub\Kalibrator\Kalibracija\mikrokontroler.SchDoc with Cap from Miscellaneous Devices.IntLib
Replace Part C4 Cap in C:\Users\Ivan\Documents\GitHub\Kalibrator\Kalibracija\mikrokontroler.SchDoc with Cap from Miscellaneous Devices.IntLib
Replace Part C5 Cap in C:\Users\Ivan\Documents\GitHub\Kalibrator\Kalibracija\mikrokontroler.SchDoc with Cap from Miscellaneous Devices.IntLib
Replace Part C6 Cap in C:\Users\Ivan\Documents\GitHub\Kalibrator\Kalibracija\mikrokontroler.SchDoc with Cap from Miscellaneous Devices.IntLib
Replace Part C7 Cap in C:\Users\Ivan\Documents\GitHub\Kalibrator\Kalibracija\mikrokontroler.SchDoc with Cap from Miscellaneous Devices.IntLib
Replace Part D7 LED1 in C:\Users\Ivan\Documents\GitHub\Kalibrator\Kalibracija\mikrokontroler.SchDoc with LED1 from Miscellaneous Devices.IntLib
Replace Part R13 Res2 in C:\Users\Ivan\Documents\GitHub\Kalibrator\Kalibracija\mikrokontroler.SchDoc with Res2 from Miscellaneous Devices.IntLib
Replace Part R14 Res2 in C:\Users\Ivan\Documents\GitHub\Kalibrator\Kalibracija\mikrokontroler.SchDoc with Res2 from Miscellaneous Devices.IntLib
Replace Part R15 Res2 in C:\Users\Ivan\Documents\GitHub\Kalibrator\Kalibracija\mikrokontroler.SchDoc with Res2 from Miscellaneous Devices.IntLib
Replace Part R16 Res2 in C:\Users\Ivan\Documents\GitHub\Kalibrator\Kalibracija\mikrokontroler.SchDoc with Res2 from Miscellaneous Devices.IntLib
Replace Part R17 Res2 in C:\Users\Ivan\Documents\GitHub\Kalibrator\Kalibracija\mikrokontroler.SchDoc with Res2 from Miscellaneous Devices.IntLib
Replace Part R18 Res2 in C:\Users\Ivan\Documents\GitHub\Kalibrator\Kalibracija\mikrokontroler.SchDoc with Res2 from Miscellaneous Devices.IntLib
Replace Part R19 Res2 in C:\Users\Ivan\Documents\GitHub\Kalibrator\Kalibracija\mikrokontroler.SchDoc with Res2 from Miscellaneous Devices.IntLib
Replace Part R20 Res2 in C:\Users\Ivan\Documents\GitHub\Kalibrator\Kalibracija\mikrokontroler.SchDoc with Res2 from Miscellaneous Devices.IntLib
Replace Part R21 Res2 in C:\Users\Ivan\Documents\GitHub\Kalibrator\Kalibracija\mikrokontroler.SchDoc with Res2 from Miscellaneous Devices.IntLib
Replace Part R22 Res2 in C:\Users\Ivan\Documents\GitHub\Kalibrator\Kalibracija\mikrokontroler.SchDoc with Res2 from Miscellaneous Devices.IntLib
Replace Part R23 Res2 in C:\Users\Ivan\Documents\GitHub\Kalibrator\Kalibracija\mikrokontroler.SchDoc with Res2 from Miscellaneous Devices.IntLib
Replace Part R24 Res2 in C:\Users\Ivan\Documents\GitHub\Kalibrator\Kalibracija\mikrokontroler.SchDoc with Res2 from Miscellaneous Devices.IntLib
Replace Part R25 Res2 in C:\Users\Ivan\Documents\GitHub\Kalibrator\Kalibracija\mikrokontroler.SchDoc with Res2 from Miscellaneous Devices.IntLib
Replace Part R26 Res2 in C:\Users\Ivan\Documents\GitHub\Kalibrator\Kalibracija\mikrokontroler.SchDoc with Res2 from Miscellaneous Devices.IntLib
Replace Part R27 Res2 in C:\Users\Ivan\Documents\GitHub\Kalibrator\Kalibracija\mikrokontroler.SchDoc with Res2 from Miscellaneous Devices.IntLib
Replace Part R38 Res2 in C:\Users\Ivan\Documents\GitHub\Kalibrator\Kalibracija\mikrokontroler.SchDoc with Res2 from Miscellaneous Devices.IntLib
Replace Part X1 Header 4 in C:\Users\Ivan\Documents\GitHub\Kalibrator\Kalibracija\mikrokontroler.SchDoc with Header 4 from Miscellaneous Connectors.IntLib
Replace Part X2 Header 3X2 in C:\Users\Ivan\Documents\GitHub\Kalibrator\Kalibracija\mikrokontroler.SchDoc with Header 3X2 from Miscellaneous Connectors.IntLib
Replace Part X3 Jumper in C:\Users\Ivan\Documents\GitHub\Kalibrator\Kalibracija\mikrokontroler.SchDoc with Jumper from Miscellaneous Devices.IntLib
Replace Part X4 Header 5 in C:\Users\Ivan\Documents\GitHub\Kalibrator\Kalibracija\mikrokontroler.SchDoc with Header 5 from Miscellaneous Connectors.IntLib
Replace Part X5 Header 6 in C:\Users\Ivan\Documents\GitHub\Kalibrator\Kalibracija\mikrokontroler.SchDoc with Header 6 from Miscellaneous Connectors.IntLib
Update Managed Component Y1 From CMP-1749-00002-1[FOXSLF/080-20] To CMP-1749-00002-1[FOXSLF/080-20] in mikrokontroler.SchDoc
