Replace Part C5 Cap in C:\Users\Ivan\Documents\GitHub\Kalibrator\Kalibracija\mikrokontroler.SchDoc with Cap from Miscellaneous Devices.IntLib
Replace Part C6 Cap in C:\Users\Ivan\Documents\GitHub\Kalibrator\Kalibracija\mikrokontroler.SchDoc with Cap from Miscellaneous Devices.IntLib
Replace Part C7 Cap in C:\Users\Ivan\Documents\GitHub\Kalibrator\Kalibracija\mikrokontroler.SchDoc with Cap from Miscellaneous Devices.IntLib
Replace Part C10 Cap in C:\Users\Ivan\Documents\GitHub\Kalibrator\Kalibracija\mikrokontroler.SchDoc with Cap from Miscellaneous Devices.IntLib
Replace Part C11 Cap in C:\Users\Ivan\Documents\GitHub\Kalibrator\Kalibracija\mikrokontroler.SchDoc with Cap from Miscellaneous Devices.IntLib
Replace Part C17 Cap in C:\Users\Ivan\Documents\GitHub\Kalibrator\Kalibracija\mikrokontroler.SchDoc with Cap from Miscellaneous Devices.IntLib
Replace Part C18 Cap in C:\Users\Ivan\Documents\GitHub\Kalibrator\Kalibracija\mikrokontroler.SchDoc with Cap from Miscellaneous Devices.IntLib
Replace Part C19 Cap in C:\Users\Ivan\Documents\GitHub\Kalibrator\Kalibracija\mikrokontroler.SchDoc with Cap from Miscellaneous Devices.IntLib
Replace Part C22 Cap in C:\Users\Ivan\Documents\GitHub\Kalibrator\Kalibracija\mikrokontroler.SchDoc with Cap from Miscellaneous Devices.IntLib
Replace Part R13 Res2 in C:\Users\Ivan\Documents\GitHub\Kalibrator\Kalibracija\mikrokontroler.SchDoc with Res2 from Miscellaneous Devices.IntLib
Replace Part R14 Res2 in C:\Users\Ivan\Documents\GitHub\Kalibrator\Kalibracija\mikrokontroler.SchDoc with Res2 from Miscellaneous Devices.IntLib
Replace Part R15 Res2 in C:\Users\Ivan\Documents\GitHub\Kalibrator\Kalibracija\mikrokontroler.SchDoc with Res2 from Miscellaneous Devices.IntLib
Replace Part R16 Res2 in C:\Users\Ivan\Documents\GitHub\Kalibrator\Kalibracija\mikrokontroler.SchDoc with Res2 from Miscellaneous Devices.IntLib
Replace Part R25 Res2 in C:\Users\Ivan\Documents\GitHub\Kalibrator\Kalibracija\mikrokontroler.SchDoc with Res2 from Miscellaneous Devices.IntLib
Replace Part R26 Res2 in C:\Users\Ivan\Documents\GitHub\Kalibrator\Kalibracija\mikrokontroler.SchDoc with Res2 from Miscellaneous Devices.IntLib
Replace Part R27 Res2 in C:\Users\Ivan\Documents\GitHub\Kalibrator\Kalibracija\mikrokontroler.SchDoc with Res2 from Miscellaneous Devices.IntLib
Replace Part R28 Res2 in C:\Users\Ivan\Documents\GitHub\Kalibrator\Kalibracija\mikrokontroler.SchDoc with Res2 from Miscellaneous Devices.IntLib
Replace Part R29 Res2 in C:\Users\Ivan\Documents\GitHub\Kalibrator\Kalibracija\mikrokontroler.SchDoc with Res2 from Miscellaneous Devices.IntLib
Replace Part R30 Res2 in C:\Users\Ivan\Documents\GitHub\Kalibrator\Kalibracija\mikrokontroler.SchDoc with Res2 from Miscellaneous Devices.IntLib
Replace Part R31 Res2 in C:\Users\Ivan\Documents\GitHub\Kalibrator\Kalibracija\mikrokontroler.SchDoc with Res2 from Miscellaneous Devices.IntLib
Replace Part R32 Res2 in C:\Users\Ivan\Documents\GitHub\Kalibrator\Kalibracija\mikrokontroler.SchDoc with Res2 from Miscellaneous Devices.IntLib
Replace Part R33 Res2 in C:\Users\Ivan\Documents\GitHub\Kalibrator\Kalibracija\mikrokontroler.SchDoc with Res2 from Miscellaneous Devices.IntLib
Replace Part R34 Res2 in C:\Users\Ivan\Documents\GitHub\Kalibrator\Kalibracija\mikrokontroler.SchDoc with Res2 from Miscellaneous Devices.IntLib
Replace Part R35 Res2 in C:\Users\Ivan\Documents\GitHub\Kalibrator\Kalibracija\mikrokontroler.SchDoc with Res2 from Miscellaneous Devices.IntLib
Replace Part X1 Header 4 in C:\Users\Ivan\Documents\GitHub\Kalibrator\Kalibracija\mikrokontroler.SchDoc with Header 4 from Miscellaneous Connectors.IntLib
Replace Part X2 Header 3X2 in C:\Users\Ivan\Documents\GitHub\Kalibrator\Kalibracija\mikrokontroler.SchDoc with Header 3X2 from Miscellaneous Connectors.IntLib
Replace Part X3 Jumper in C:\Users\Ivan\Documents\GitHub\Kalibrator\Kalibracija\mikrokontroler.SchDoc with Jumper from Miscellaneous Devices.IntLib
Replace Part X4 Header 5 in C:\Users\Ivan\Documents\GitHub\Kalibrator\Kalibracija\mikrokontroler.SchDoc with Header 5 from Miscellaneous Connectors.IntLib
Replace Part X5 Header 6 in C:\Users\Ivan\Documents\GitHub\Kalibrator\Kalibracija\mikrokontroler.SchDoc with Header 6 from Miscellaneous Connectors.IntLib
Replace Part Y1 Abracon Crystal ABS06 in C:\Users\Ivan\Documents\GitHub\Kalibrator\Kalibracija\mikrokontroler.SchDoc with Abracon Crystal ABS06 from Celestial Altium Library - altium_library.DbLib
